#
# A fatal error has been detected by the Java Runtime Environment:
#
#  EXCEPTION_ACCESS_VIOLATION (0xc0000005) at pc=0x000000005af51970, pid=12996, tid=0x00000000000006f0
#
# JRE version: Java(TM) SE Runtime Environment (8.0_121-b13) (build 1.8.0_121-b13)
# Java VM: Java HotSpot(TM) 64-Bit Server VM (25.121-b13 mixed mode windows-amd64 compressed oops)
# Problematic frame:
# V  [jvm.dll+0x4a1970]
#
# Failed to write core dump. Minidumps are not enabled by default on client versions of Windows
#
# If you would like to submit a bug report, please visit:
#   http://bugreport.java.com/bugreport/crash.jsp
#

---------------  T H R E A D  ---------------

Current thread (0x0000000017d8d000):  JavaThread "C2 CompilerThread1" daemon [_thread_in_native, id=1776, stack(0x00000000199a0000,0x0000000019aa0000)]

siginfo: ExceptionCode=0xc0000005, reading address 0xffffffffffffffff

Registers:
RAX=0x0000000000000000, RBX=0x000000001d3a5f30, RCX=0x400000005b2cbe10, RDX=0x0000000000000000
RSP=0x0000000019a9bde0, RBP=0x0000000000000018, RSI=0x00000000000000c0, RDI=0x0000000019a9be30
R8 =0x000000001d3a6070, R9 =0x000000001c34ce20, R10=0x000000005aab0000, R11=0x0000000019a9bd00
R12=0x000000005b2cbe10, R13=0x000000005aab0000, R14=0x0000000017d92328, R15=0x00000000000003d8
RIP=0x000000005af51970, EFLAGS=0x0000000000010246

Top of Stack: (sp=0x0000000019a9bde0)
0x0000000019a9bde0:   0000000019a9e5b0 000000001d2e9830
0x0000000019a9bdf0:   fffffffffffffff8 0000000017d747e0
0x0000000019a9be00:   0000000000002f4d 000000005af4ca3f
0x0000000019a9be10:   000000001d3a57b0 000000001d3a5f30
0x0000000019a9be20:   0000000000002f4d 0000000019a9bf10
0x0000000019a9be30:   0000000000000000 0000000000000008
0x0000000019a9be40:   400000005b2cbe10 0000000000000000
0x0000000019a9be50:   000000001b1cecb0 000000000000003b
0x0000000019a9be60:   000000001d3a6070 0000000019a9c200
0x0000000019a9be70:   0000000017d91f50 0000000019a9c200
0x0000000019a9be80:   0000000017d91f40 000000005af18c11
0x0000000019a9be90:   0000000000000000 0000000019a9bf90
0x0000000019a9bea0:   0000000000000000 0000000000000009
0x0000000019a9beb0:   0000000000000002 0000000017d91f40
0x0000000019a9bec0:   000000001ca5e240 000000001ca65b70
0x0000000019a9bed0:   000000001ca66228 00000000010795f0 

Instructions: (pc=0x000000005af51970)
0x000000005af51950:   48 8b 4f 20 48 39 04 0e 0f 84 9d 00 00 00 48 8b
0x000000005af51960:   0c 0e 33 d2 33 c0 48 89 4f 10 66 0f 1f 44 00 00
0x000000005af51970:   83 3c 08 00 0f 85 36 01 00 00 ff c2 48 83 c0 04
0x000000005af51980:   83 fa 08 72 eb 48 8b 47 30 48 89 44 24 30 48 85 


Register to memory mapping:

RAX=0x0000000000000000 is an unknown value
RBX=0x000000001d3a5f30 is an unknown value
RCX=0x400000005b2cbe10 is an unknown value
RDX=0x0000000000000000 is an unknown value
RSP=0x0000000019a9bde0 is pointing into the stack for thread: 0x0000000017d8d000
RBP=0x0000000000000018 is an unknown value
RSI=0x00000000000000c0 is an unknown value
RDI=0x0000000019a9be30 is pointing into the stack for thread: 0x0000000017d8d000
R8 =0x000000001d3a6070 is an unknown value
R9 =0x000000001c34ce20 is an unknown value
R10=0x000000005aab0000 is an unknown value
R11=0x0000000019a9bd00 is pointing into the stack for thread: 0x0000000017d8d000
R12=0x000000005b2cbe10 is an unknown value
R13=0x000000005aab0000 is an unknown value
R14=0x0000000017d92328 is an unknown value
R15=0x00000000000003d8 is an unknown value


Stack: [0x00000000199a0000,0x0000000019aa0000],  sp=0x0000000019a9bde0,  free space=1007k
Native frames: (J=compiled Java code, j=interpreted, Vv=VM code, C=native code)
V  [jvm.dll+0x4a1970]
V  [jvm.dll+0x49ca3f]
V  [jvm.dll+0x468c11]
V  [jvm.dll+0x473f5b]
V  [jvm.dll+0x476867]
V  [jvm.dll+0x4591e2]
V  [jvm.dll+0xa5ca2]
V  [jvm.dll+0xa65df]
V  [jvm.dll+0x244e1f]
V  [jvm.dll+0x29c69a]
C  [msvcr100.dll+0x21d9f]
C  [msvcr100.dll+0x21e3b]
C  [KERNEL32.DLL+0x17c24]
C  [ntdll.dll+0x6d4d1]


Current CompileTask:
C2:  11656 3762       4       java.net.URLClassLoader$1::run (5 bytes)


---------------  P R O C E S S  ---------------

Java Threads: ( => current thread )
  0x000000001945f000 JavaThread "Service Thread" daemon [_thread_blocked, id=14096, stack(0x0000000019ba0000,0x0000000019ca0000)]
  0x0000000017d8e800 JavaThread "C1 CompilerThread2" daemon [_thread_in_vm, id=5744, stack(0x0000000019aa0000,0x0000000019ba0000)]
=>0x0000000017d8d000 JavaThread "C2 CompilerThread1" daemon [_thread_in_native, id=1776, stack(0x00000000199a0000,0x0000000019aa0000)]
  0x0000000017d8a000 JavaThread "C2 CompilerThread0" daemon [_thread_in_native, id=3120, stack(0x00000000198a0000,0x00000000199a0000)]
  0x0000000017d55000 JavaThread "Monitor Ctrl-Break" daemon [_thread_in_native, id=9512, stack(0x00000000197a0000,0x00000000198a0000)]
  0x0000000017d4b000 JavaThread "Attach Listener" daemon [_thread_blocked, id=5096, stack(0x00000000192a0000,0x00000000193a0000)]
  0x0000000017d4a000 JavaThread "Signal Dispatcher" daemon [_thread_blocked, id=12748, stack(0x00000000191a0000,0x00000000192a0000)]
  0x000000000325d000 JavaThread "Finalizer" daemon [_thread_blocked, id=2240, stack(0x0000000018fa0000,0x00000000190a0000)]
  0x0000000003251800 JavaThread "Reference Handler" daemon [_thread_blocked, id=4924, stack(0x0000000018ea0000,0x0000000018fa0000)]
  0x0000000003162800 JavaThread "main" [_thread_in_vm, id=3540, stack(0x0000000002e70000,0x0000000002f70000)]

Other Threads:
  0x0000000017d18800 VMThread [stack: 0x0000000018da0000,0x0000000018ea0000] [id=12072]
  0x0000000019475000 WatcherThread [stack: 0x0000000019ca0000,0x0000000019da0000] [id=3696]

VM state:not at safepoint (normal execution)

VM Mutex/Monitor currently owned by a thread: None

Heap:
 PSYoungGen      total 140288K, used 18987K [0x00000000d6000000, 0x00000000df700000, 0x0000000100000000)
  eden space 129024K, 6% used [0x00000000d6000000,0x00000000d6798140,0x00000000dde00000)
  from space 11264K, 99% used [0x00000000dea00000,0x00000000df4f2df8,0x00000000df500000)
  to   space 12288K, 0% used [0x00000000dde00000,0x00000000dde00000,0x00000000dea00000)
 ParOldGen       total 86016K, used 12224K [0x0000000082000000, 0x0000000087400000, 0x00000000d6000000)
  object space 86016K, 14% used [0x0000000082000000,0x0000000082bf03f8,0x0000000087400000)
 Metaspace       used 19396K, capacity 20044K, committed 20224K, reserved 1067008K
  class space    used 2244K, capacity 2452K, committed 2560K, reserved 1048576K

Card table byte_map: [0x0000000012620000,0x0000000012a20000] byte_map_base: 0x0000000012210000

Marking Bits: (ParMarkBitMap*) 0x000000005b2cb6d0
 Begin Bits: [0x00000000130c0000, 0x0000000015040000)
 End Bits:   [0x0000000015040000, 0x0000000016fc0000)

Polling page: 0x0000000001640000

CodeCache: size=245760Kb used=12425Kb max_used=14218Kb free=233334Kb
 bounds [0x0000000003260000, 0x0000000004050000, 0x0000000012260000]
 total_blobs=3841 nmethods=3460 adapters=293
 compilation: enabled

Compilation events (10 events):
Event: 11.280 Thread 0x0000000017d8e800 3864  s    2       java.util.Hashtable::get (69 bytes)
Event: 11.281 Thread 0x0000000017d8e800 nmethod 3864 0x00000000033f5c90 code [0x00000000033f5e20, 0x00000000033f6278]
Event: 11.281 Thread 0x0000000017d8e800 3862       3       com.google.inject.internal.ConstructorInjector$1::call (16 bytes)
Event: 11.281 Thread 0x0000000017d8e800 nmethod 3862 0x00000000034cec10 code [0x00000000034ced80, 0x00000000034cef88]
Event: 11.281 Thread 0x0000000017d8e800 3863   !   3       com.google.inject.internal.ConstructorInjector::provision (123 bytes)
Event: 11.282 Thread 0x0000000017d8e800 nmethod 3863 0x00000000037df510 code [0x00000000037df780, 0x00000000037e0748]
Event: 11.287 Thread 0x0000000017d8e800 3865       1       java.util.concurrent.atomic.AtomicReference::compareAndSet (13 bytes)
Event: 11.287 Thread 0x0000000017d8e800 nmethod 3865 0x0000000003707590 code [0x00000000037076e0, 0x0000000003707830]
Event: 11.357 Thread 0x0000000017d8e800 3866       3       java.util.regex.Pattern$BnM::optimize (179 bytes)
Event: 11.359 Thread 0x0000000017d8e800 nmethod 3866 0x000000000343e590 code [0x000000000343e7a0, 0x000000000343f3a8]

GC Heap History (10 events):
Event: 4.855 GC heap before
{Heap before GC invocations=4 (full 0):
 PSYoungGen      total 37888K, used 37862K [0x00000000d6000000, 0x00000000d8a00000, 0x0000000100000000)
  eden space 32768K, 100% used [0x00000000d6000000,0x00000000d8000000,0x00000000d8000000)
  from space 5120K, 99% used [0x00000000d8000000,0x00000000d84f9840,0x00000000d8500000)
  to   space 5120K, 0% used [0x00000000d8500000,0x00000000d8500000,0x00000000d8a00000)
 ParOldGen       total 86016K, used 3409K [0x0000000082000000, 0x0000000087400000, 0x00000000d6000000)
  object space 86016K, 3% used [0x0000000082000000,0x0000000082354618,0x0000000087400000)
 Metaspace       used 16142K, capacity 16364K, committed 16640K, reserved 1064960K
  class space    used 1924K, capacity 2007K, committed 2048K, reserved 1048576K
Event: 4.869 GC heap after
Heap after GC invocations=4 (full 0):
 PSYoungGen      total 37888K, used 5088K [0x00000000d6000000, 0x00000000daa00000, 0x0000000100000000)
  eden space 32768K, 0% used [0x00000000d6000000,0x00000000d6000000,0x00000000d8000000)
  from space 5120K, 99% used [0x00000000d8500000,0x00000000d89f8020,0x00000000d8a00000)
  to   space 5120K, 0% used [0x00000000d8000000,0x00000000d8000000,0x00000000d8500000)
 ParOldGen       total 86016K, used 5716K [0x0000000082000000, 0x0000000087400000, 0x00000000d6000000)
  object space 86016K, 6% used [0x0000000082000000,0x0000000082595248,0x0000000087400000)
 Metaspace       used 16142K, capacity 16364K, committed 16640K, reserved 1064960K
  class space    used 1924K, capacity 2007K, committed 2048K, reserved 1048576K
}
Event: 5.599 GC heap before
{Heap before GC invocations=5 (full 0):
 PSYoungGen      total 37888K, used 37856K [0x00000000d6000000, 0x00000000daa00000, 0x0000000100000000)
  eden space 32768K, 100% used [0x00000000d6000000,0x00000000d8000000,0x00000000d8000000)
  from space 5120K, 99% used [0x00000000d8500000,0x00000000d89f8020,0x00000000d8a00000)
  to   space 5120K, 0% used [0x00000000d8000000,0x00000000d8000000,0x00000000d8500000)
 ParOldGen       total 86016K, used 5716K [0x0000000082000000, 0x0000000087400000, 0x00000000d6000000)
  object space 86016K, 6% used [0x0000000082000000,0x0000000082595248,0x0000000087400000)
 Metaspace       used 16461K, capacity 16714K, committed 16896K, reserved 1064960K
  class space    used 1928K, capacity 2012K, committed 2048K, reserved 1048576K
Event: 5.618 GC heap after
Heap after GC invocations=5 (full 0):
 PSYoungGen      total 37888K, used 5088K [0x00000000d6000000, 0x00000000db100000, 0x0000000100000000)
  eden space 32768K, 0% used [0x00000000d6000000,0x00000000d6000000,0x00000000d8000000)
  from space 5120K, 99% used [0x00000000d8000000,0x00000000d84f8020,0x00000000d8500000)
  to   space 8704K, 0% used [0x00000000da880000,0x00000000da880000,0x00000000db100000)
 ParOldGen       total 86016K, used 7889K [0x0000000082000000, 0x0000000087400000, 0x00000000d6000000)
  object space 86016K, 9% used [0x0000000082000000,0x00000000827b45b8,0x0000000087400000)
 Metaspace       used 16461K, capacity 16714K, committed 16896K, reserved 1064960K
  class space    used 1928K, capacity 2012K, committed 2048K, reserved 1048576K
}
Event: 6.433 GC heap before
{Heap before GC invocations=6 (full 0):
 PSYoungGen      total 37888K, used 37856K [0x00000000d6000000, 0x00000000db100000, 0x0000000100000000)
  eden space 32768K, 100% used [0x00000000d6000000,0x00000000d8000000,0x00000000d8000000)
  from space 5120K, 99% used [0x00000000d8000000,0x00000000d84f8020,0x00000000d8500000)
  to   space 8704K, 0% used [0x00000000da880000,0x00000000da880000,0x00000000db100000)
 ParOldGen       total 86016K, used 7889K [0x0000000082000000, 0x0000000087400000, 0x00000000d6000000)
  object space 86016K, 9% used [0x0000000082000000,0x00000000827b45b8,0x0000000087400000)
 Metaspace       used 16777K, capacity 17158K, committed 17408K, reserved 1064960K
  class space    used 1946K, capacity 2048K, committed 2048K, reserved 1048576K
Event: 6.463 GC heap after
Heap after GC invocations=6 (full 0):
 PSYoungGen      total 73728K, used 7904K [0x00000000d6000000, 0x00000000db200000, 0x0000000100000000)
  eden space 65024K, 0% used [0x00000000d6000000,0x00000000d6000000,0x00000000d9f80000)
  from space 8704K, 90% used [0x00000000da880000,0x00000000db038270,0x00000000db100000)
  to   space 9216K, 0% used [0x00000000d9f80000,0x00000000d9f80000,0x00000000da880000)
 ParOldGen       total 86016K, used 7897K [0x0000000082000000, 0x0000000087400000, 0x00000000d6000000)
  object space 86016K, 9% used [0x0000000082000000,0x00000000827b65b8,0x0000000087400000)
 Metaspace       used 16777K, capacity 17158K, committed 17408K, reserved 1064960K
  class space    used 1946K, capacity 2048K, committed 2048K, reserved 1048576K
}
Event: 8.679 GC heap before
{Heap before GC invocations=7 (full 0):
 PSYoungGen      total 73728K, used 72928K [0x00000000d6000000, 0x00000000db200000, 0x0000000100000000)
  eden space 65024K, 100% used [0x00000000d6000000,0x00000000d9f80000,0x00000000d9f80000)
  from space 8704K, 90% used [0x00000000da880000,0x00000000db038270,0x00000000db100000)
  to   space 9216K, 0% used [0x00000000d9f80000,0x00000000d9f80000,0x00000000da880000)
 ParOldGen       total 86016K, used 7897K [0x0000000082000000, 0x0000000087400000, 0x00000000d6000000)
  object space 86016K, 9% used [0x0000000082000000,0x00000000827b65b8,0x0000000087400000)
 Metaspace       used 17530K, capacity 17918K, committed 18304K, reserved 1064960K
  class space    used 2010K, capacity 2088K, committed 2176K, reserved 1048576K
Event: 8.704 GC heap after
Heap after GC invocations=7 (full 0):
 PSYoungGen      total 74240K, used 9200K [0x00000000d6000000, 0x00000000df500000, 0x0000000100000000)
  eden space 65024K, 0% used [0x00000000d6000000,0x00000000d6000000,0x00000000d9f80000)
  from space 9216K, 99% used [0x00000000d9f80000,0x00000000da87c010,0x00000000da880000)
  to   space 11264K, 0% used [0x00000000dea00000,0x00000000dea00000,0x00000000df500000)
 ParOldGen       total 86016K, used 10038K [0x0000000082000000, 0x0000000087400000, 0x00000000d6000000)
  object space 86016K, 11% used [0x0000000082000000,0x00000000829cdbc8,0x0000000087400000)
 Metaspace       used 17530K, capacity 17918K, committed 18304K, reserved 1064960K
  class space    used 2010K, capacity 2088K, committed 2176K, reserved 1048576K
}
Event: 11.145 GC heap before
{Heap before GC invocations=8 (full 0):
 PSYoungGen      total 74240K, used 74224K [0x00000000d6000000, 0x00000000df500000, 0x0000000100000000)
  eden space 65024K, 100% used [0x00000000d6000000,0x00000000d9f80000,0x00000000d9f80000)
  from space 9216K, 99% used [0x00000000d9f80000,0x00000000da87c010,0x00000000da880000)
  to   space 11264K, 0% used [0x00000000dea00000,0x00000000dea00000,0x00000000df500000)
 ParOldGen       total 86016K, used 10038K [0x0000000082000000, 0x0000000087400000, 0x00000000d6000000)
  object space 86016K, 11% used [0x0000000082000000,0x00000000829cdbc8,0x0000000087400000)
 Metaspace       used 19183K, capacity 19700K, committed 19840K, reserved 1067008K
  class space    used 2218K, capacity 2380K, committed 2432K, reserved 1048576K
Event: 11.171 GC heap after
Heap after GC invocations=8 (full 0):
 PSYoungGen      total 140288K, used 11211K [0x00000000d6000000, 0x00000000df700000, 0x0000000100000000)
  eden space 129024K, 0% used [0x00000000d6000000,0x00000000d6000000,0x00000000dde00000)
  from space 11264K, 99% used [0x00000000dea00000,0x00000000df4f2df8,0x00000000df500000)
  to   space 12288K, 0% used [0x00000000dde00000,0x00000000dde00000,0x00000000dea00000)
 ParOldGen       total 86016K, used 12224K [0x0000000082000000, 0x0000000087400000, 0x00000000d6000000)
  object space 86016K, 14% used [0x0000000082000000,0x0000000082bf03f8,0x0000000087400000)
 Metaspace       used 19183K, capacity 19700K, committed 19840K, reserved 1067008K
  class space    used 2218K, capacity 2380K, committed 2432K, reserved 1048576K
}

Deoptimization events (10 events):
Event: 11.074 Thread 0x0000000003162800 Uncommon trap: reason=class_check action=maybe_recompile pc=0x0000000003a24db4 method=java.util.Hashtable.put(Ljava/lang/Object;Ljava/lang/Object;)Ljava/lang/Object; @ 18
Event: 11.076 Thread 0x0000000003162800 Uncommon trap: reason=class_check action=maybe_recompile pc=0x0000000003a24db4 method=java.util.Hashtable.put(Ljava/lang/Object;Ljava/lang/Object;)Ljava/lang/Object; @ 18
Event: 11.107 Thread 0x0000000003162800 Uncommon trap: reason=class_check action=maybe_recompile pc=0x0000000003a387c4 method=java.util.Hashtable.get(Ljava/lang/Object;)Ljava/lang/Object; @ 6
Event: 11.108 Thread 0x0000000003162800 Uncommon trap: reason=class_check action=maybe_recompile pc=0x0000000003a387c4 method=java.util.Hashtable.get(Ljava/lang/Object;)Ljava/lang/Object; @ 6
Event: 11.108 Thread 0x0000000003162800 Uncommon trap: reason=class_check action=maybe_recompile pc=0x0000000003a387c4 method=java.util.Hashtable.get(Ljava/lang/Object;)Ljava/lang/Object; @ 6
Event: 11.108 Thread 0x0000000003162800 Uncommon trap: reason=class_check action=maybe_recompile pc=0x0000000003a387c4 method=java.util.Hashtable.get(Ljava/lang/Object;)Ljava/lang/Object; @ 6
Event: 11.356 Thread 0x0000000003162800 Uncommon trap: reason=speculate_class_check action=maybe_recompile pc=0x0000000003921e10 method=java.nio.charset.CharsetEncoder.encode(Ljava/nio/CharBuffer;Ljava/nio/ByteBuffer;Z)Ljava/nio/charset/CoderResult; @ 57
Event: 11.356 Thread 0x0000000003162800 Uncommon trap: reason=class_check action=maybe_recompile pc=0x0000000003985280 method=sun.nio.cs.StreamEncoder.writeBytes()V @ 120
Event: 11.362 Thread 0x0000000003162800 Uncommon trap: reason=speculate_class_check action=maybe_recompile pc=0x0000000003921e10 method=java.nio.charset.CharsetEncoder.encode(Ljava/nio/CharBuffer;Ljava/nio/ByteBuffer;Z)Ljava/nio/charset/CoderResult; @ 57
Event: 11.362 Thread 0x0000000003162800 Uncommon trap: reason=class_check action=maybe_recompile pc=0x0000000003985280 method=sun.nio.cs.StreamEncoder.writeBytes()V @ 120

Internal exceptions (10 events):
Event: 3.191 Thread 0x0000000003162800 Exception <a 'java/lang/NoClassDefFoundError'> (0x00000000d717a370) thrown at [C:\re\workspace\8-2-build-windows-amd64-cygwin\jdk8u121\8372\hotspot\src\share\vm\prims\jvm.cpp, line 1394]
Event: 3.191 Thread 0x0000000003162800 Exception <a 'java/lang/NoClassDefFoundError': javax/annotation/Priority> (0x00000000d717ef90) thrown at [C:\re\workspace\8-2-build-windows-amd64-cygwin\jdk8u121\8372\hotspot\src\share\vm\classfile\systemDictionary.cpp, line 199]
Event: 3.357 Thread 0x0000000003162800 Implicit null exception at 0x000000000344fd1b to 0x000000000344fecd
Event: 4.161 Thread 0x0000000003162800 Implicit null exception at 0x00000000038cec10 to 0x00000000038cffbd
Event: 5.640 Thread 0x0000000003162800 Implicit null exception at 0x0000000003babef5 to 0x0000000003bac07d
Event: 6.036 Thread 0x0000000003162800 Implicit null exception at 0x00000000034cfb15 to 0x00000000034cfced
Event: 6.036 Thread 0x0000000003162800 Implicit null exception at 0x0000000003778e9b to 0x0000000003779321
Event: 6.040 Thread 0x0000000003162800 Implicit null exception at 0x000000000360336f to 0x00000000036033d9
Event: 8.380 Thread 0x0000000003162800 Implicit null exception at 0x0000000003b2417d to 0x0000000003b245c1
Event: 8.746 Thread 0x0000000003162800 Implicit null exception at 0x0000000003ef2e96 to 0x0000000003ef50f9

Events (10 events):
Event: 11.362 Thread 0x0000000003162800 Uncommon trap: trap_request=0xffffff76 fr.pc=0x0000000003921e10
Event: 11.362 Executing VM operation: RevokeBias
Event: 11.362 Executing VM operation: RevokeBias done
Event: 11.362 Thread 0x0000000003162800 DEOPT PACKING pc=0x0000000003921e10 sp=0x0000000002f6d6c0
Event: 11.362 Thread 0x0000000003162800 DEOPT UNPACKING pc=0x00000000032a582a sp=0x0000000002f6d4f0 mode 2
Event: 11.362 Thread 0x0000000003162800 Uncommon trap: trap_request=0xffffffde fr.pc=0x0000000003985280
Event: 11.362 Thread 0x0000000003162800 DEOPT PACKING pc=0x0000000003985280 sp=0x0000000002f6d5c0
Event: 11.362 Thread 0x0000000003162800 DEOPT UNPACKING pc=0x00000000032a582a sp=0x0000000002f6d590 mode 2
Event: 11.364 loading class org/apache/maven/repository/internal/VersionsMetadata
Event: 11.364 loading class org/apache/maven/repository/internal/VersionsMetadata done


Dynamic libraries:
0x00007ff7d8490000 - 0x00007ff7d84c7000 	C:\Program Files\Java\jdk1.8.0_121\bin\java.exe
0x00007ffa94520000 - 0x00007ffa94710000 	C:\Windows\SYSTEM32\ntdll.dll
0x00007ffa92900000 - 0x00007ffa929b2000 	C:\Windows\System32\KERNEL32.DLL
0x00007ffa92180000 - 0x00007ffa92425000 	C:\Windows\System32\KERNELBASE.dll
0x00007ffa92850000 - 0x00007ffa928f3000 	C:\Windows\System32\ADVAPI32.dll
0x00007ffa92c00000 - 0x00007ffa92c9e000 	C:\Windows\System32\msvcrt.dll
0x00007ffa92a30000 - 0x00007ffa92ac7000 	C:\Windows\System32\sechost.dll
0x00007ffa93ce0000 - 0x00007ffa93e00000 	C:\Windows\System32\RPCRT4.dll
0x00007ffa93e60000 - 0x00007ffa93ff4000 	C:\Windows\System32\USER32.dll
0x00007ffa915d0000 - 0x00007ffa915f1000 	C:\Windows\System32\win32u.dll
0x00007ffa93610000 - 0x00007ffa93636000 	C:\Windows\System32\GDI32.dll
0x00007ffa91780000 - 0x00007ffa91916000 	C:\Windows\System32\gdi32full.dll
0x00007ffa920b0000 - 0x00007ffa9214e000 	C:\Windows\System32\msvcp_win.dll
0x00007ffa91680000 - 0x00007ffa9177a000 	C:\Windows\System32\ucrtbase.dll
0x00007ffa86af0000 - 0x00007ffa86d74000 	C:\Windows\WinSxS\amd64_microsoft.windows.common-controls_6595b64144ccf1df_6.0.18362.1198_none_9e820b57e45ad92f\COMCTL32.dll
0x00007ffa941a0000 - 0x00007ffa944d5000 	C:\Windows\System32\combase.dll
0x00007ffa91600000 - 0x00007ffa91680000 	C:\Windows\System32\bcryptPrimitives.dll
0x00007ffa93e30000 - 0x00007ffa93e5e000 	C:\Windows\System32\IMM32.DLL
0x000000005bc80000 - 0x000000005bd52000 	C:\Program Files\Java\jdk1.8.0_121\jre\bin\msvcr100.dll
0x000000005aab0000 - 0x000000005b34b000 	C:\Program Files\Java\jdk1.8.0_121\jre\bin\server\jvm.dll
0x00007ffa93600000 - 0x00007ffa93608000 	C:\Windows\System32\PSAPI.DLL
0x00007ffa86db0000 - 0x00007ffa86db9000 	C:\Windows\SYSTEM32\WSOCK32.dll
0x00007ffa92b90000 - 0x00007ffa92bff000 	C:\Windows\System32\WS2_32.dll
0x00007ffa89b20000 - 0x00007ffa89b44000 	C:\Windows\SYSTEM32\WINMM.dll
0x00007ffa88140000 - 0x00007ffa8814a000 	C:\Windows\SYSTEM32\VERSION.dll
0x00007ffa898e0000 - 0x00007ffa8990d000 	C:\Windows\SYSTEM32\winmmbase.dll
0x00007ffa92580000 - 0x00007ffa925ca000 	C:\Windows\System32\cfgmgr32.dll
0x000000005bc70000 - 0x000000005bc7f000 	C:\Program Files\Java\jdk1.8.0_121\jre\bin\verify.dll
0x000000005bc40000 - 0x000000005bc69000 	C:\Program Files\Java\jdk1.8.0_121\jre\bin\java.dll
0x000000005bb90000 - 0x000000005bbb3000 	C:\Program Files\Java\jdk1.8.0_121\jre\bin\instrument.dll
0x000000005bc20000 - 0x000000005bc36000 	C:\Program Files\Java\jdk1.8.0_121\jre\bin\zip.dll
0x00007ffa92e90000 - 0x00007ffa93577000 	C:\Windows\System32\SHELL32.dll
0x00007ffa92ca0000 - 0x00007ffa92d49000 	C:\Windows\System32\shcore.dll
0x00007ffa91920000 - 0x00007ffa920a1000 	C:\Windows\System32\windows.storage.dll
0x00007ffa91400000 - 0x00007ffa91423000 	C:\Windows\System32\profapi.dll
0x00007ffa91430000 - 0x00007ffa9147a000 	C:\Windows\System32\powrprof.dll
0x00007ffa913d0000 - 0x00007ffa913e0000 	C:\Windows\System32\UMPDC.dll
0x00007ffa940c0000 - 0x00007ffa94112000 	C:\Windows\System32\shlwapi.dll
0x00007ffa91480000 - 0x00007ffa91491000 	C:\Windows\System32\kernel.appcore.dll
0x00007ffa914a0000 - 0x00007ffa914b7000 	C:\Windows\System32\cryptsp.dll
0x00007ffa894b0000 - 0x00007ffa894ca000 	C:\Softwares\ideaIC-2021.1.win\bin\breakgen64.dll
0x000000005bc00000 - 0x000000005bc1a000 	C:\Program Files\Java\jdk1.8.0_121\jre\bin\net.dll
0x00007ffa90b70000 - 0x00007ffa90bd7000 	C:\Windows\system32\mswsock.dll
0x00007ffa906f0000 - 0x00007ffa90723000 	C:\Windows\system32\rsaenh.dll
0x00007ffa92150000 - 0x00007ffa92176000 	C:\Windows\System32\bcrypt.dll
0x00007ffa912f0000 - 0x00007ffa91315000 	C:\Windows\SYSTEM32\USERENV.dll
0x00007ffa90cf0000 - 0x00007ffa90cfc000 	C:\Windows\SYSTEM32\CRYPTBASE.dll
0x00007ffa90890000 - 0x00007ffa908ca000 	C:\Windows\SYSTEM32\IPHLPAPI.DLL
0x00007ffa93e00000 - 0x00007ffa93e08000 	C:\Windows\System32\NSI.dll
0x00007ffa8c630000 - 0x00007ffa8c646000 	C:\Windows\SYSTEM32\dhcpcsvc6.DLL
0x00007ffa8c5e0000 - 0x00007ffa8c5fc000 	C:\Windows\SYSTEM32\dhcpcsvc.DLL
0x00007ffa908d0000 - 0x00007ffa9099b000 	C:\Windows\SYSTEM32\DNSAPI.dll
0x000000005bbe0000 - 0x000000005bbf1000 	C:\Program Files\Java\jdk1.8.0_121\jre\bin\nio.dll
0x00007ffa8d710000 - 0x00007ffa8d71a000 	C:\Users\Tanmoy\AppData\Local\Temp\jansi-1.17.1-9065430580067532556.dll
0x00007ffa8b710000 - 0x00007ffa8b71a000 	C:\Users\Tanmoy\AppData\Local\Temp\jansi-1.17.1-6776107628597301290.dll
0x00007ffa8fc40000 - 0x00007ffa8fe34000 	C:\Windows\SYSTEM32\dbghelp.dll

VM Arguments:
jvm_args: -Dmaven.multiModuleProjectDirectory=C:\BIG_DATA_LOCAL_SET_UP\Code_Base\IntelliJ_Spark_WorkSpace\1 -Dmaven.home=C:\Softwares\ideaIC-2021.1.win\plugins\maven\lib\maven3 -Dclassworlds.conf=C:\Softwares\ideaIC-2021.1.win\plugins\maven\lib\maven3\bin\m2.conf -Dmaven.ext.class.path=C:\Softwares\ideaIC-2021.1.win\plugins\maven\lib\maven-event-listener.jar -javaagent:C:\Softwares\ideaIC-2021.1.win\lib\idea_rt.jar=64953:C:\Softwares\ideaIC-2021.1.win\bin -Dfile.encoding=UTF-8 
java_command: org.codehaus.classworlds.Launcher -Didea.version=2021.1 clean install
java_class_path (initial): C:\Softwares\ideaIC-2021.1.win\plugins\maven\lib\maven3\boot\plexus-classworlds-2.6.0.jar;C:\Softwares\ideaIC-2021.1.win\plugins\maven\lib\maven3\boot\plexus-classworlds.license;C:\Softwares\ideaIC-2021.1.win\lib\idea_rt.jar
Launcher Type: SUN_STANDARD

Environment Variables:
JAVA_HOME=C:\Program Files\Java\jdk1.8.0_121
PATH=C:\oraclexe\app\oracle\product\11.2.0\server\bin;C:\ProgramData\DockerDesktop\version-bin;C:\Program Files\Docker\Docker\Resources\bin;C:\Program Files (x86)\Intel\iCLS Client\;C:\Program Files\Intel\iCLS Client\;C:\Windows\system32;C:\Windows;C:\Windows\System32\Wbem;C:\Windows\System32\WindowsPowerShell\v1.0\;C:\Windows\System32\OpenSSH\;C:\Program Files (x86)\Intel\Intel(R) Management Engine Components\DAL;C:\Program Files\Intel\Intel(R) Management Engine Components\DAL;C:\Program Files (x86)\Intel\Intel(R) Management Engine Components\IPT;C:\Program Files\Intel\Intel(R) Management Engine Components\IPT;C:\Program Files\Git\cmd;C:\Program Files\nodejs\;C:\Softwares\apache-maven-3.5.0-bin\apache-maven-3.5.0\bin;C:\Users\Tanmoy\AppData\Local\Microsoft\WindowsApps;C:\Users\Tanmoy\AppData\Roaming\npm;C:\Program Files\Java\jdk1.8.0_121\bin;C:\Softwares\apache-maven-3.5.0-bin\apache-maven-3.5.0\bin;C:\BIG_DATA_LOCAL_SET_UP\hadoop\bin;C:\BIG_DATA_LOCAL_SET_UP\Spark_2.3.1\spark-2.3.1-bin-hadoop2.7\bin;
USERNAME=Tanmoy
OS=Windows_NT
PROCESSOR_IDENTIFIER=Intel64 Family 6 Model 78 Stepping 3, GenuineIntel



---------------  S Y S T E M  ---------------

OS: Windows 10.0 , 64 bit Build 18362 (10.0.18362.1110)

CPU:total 4 (2 cores per cpu, 2 threads per core) family 6 model 78 stepping 3, cmov, cx8, fxsr, mmx, sse, sse2, sse3, ssse3, sse4.1, sse4.2, popcnt, avx, avx2, aes, clmul, erms, rtm, 3dnowpref, lzcnt, ht, tsc, tscinvbit, bmi1, bmi2, adx

Memory: 4k page, physical 8255444k(1405712k free), swap 12166188k(1782728k free)

vm_info: Java HotSpot(TM) 64-Bit Server VM (25.121-b13) for windows-amd64 JRE (1.8.0_121-b13), built on Dec 12 2016 18:21:36 by "java_re" with MS VC++ 10.0 (VS2010)

time: Tue Aug 03 21:57:01 2021
elapsed time: 11 seconds (0d 0h 0m 11s)

